Base path: 'C:/Program Files/Unity/Hub/Editor/2019.4.3f1/Editor/Data', plugins path 'C:/Program Files/Unity/Hub/Editor/2019.4.3f1/Editor/Data/PlaybackEngines'
Cmd: initializeCompiler
Cmd: compileComputeKernel
  api=4 insize=12081 outsize=1099 ok=1
Cmd: compileComputeKernel
  api=4 insize=12124 outsize=1819 ok=1
Cmd: compileComputeKernel
  api=4 insize=12124 outsize=1819 ok=1
Cmd: compileComputeKernel
  api=4 insize=12124 outsize=1851 ok=1
Cmd: compileComputeKernel
  api=4 insize=12124 outsize=1853 ok=1
Cmd: compileComputeKernel
  api=4 insize=19771 outsize=2963 ok=1
Cmd: compileComputeKernel
  api=4 insize=19771 outsize=5525 ok=1
Cmd: compileComputeKernel
  api=4 insize=66851 outsize=1686 ok=1
Cmd: compileComputeKernel
  api=4 insize=66851 outsize=2944 ok=1
Cmd: compileComputeKernel
  api=4 insize=66851 outsize=1489 ok=1
Cmd: compileComputeKernel
  api=4 insize=66851 outsize=2041 ok=1
Cmd: compileComputeKernel
  api=4 insize=66851 outsize=1311 ok=1
Cmd: compileComputeKernel
  api=4 insize=66851 outsize=1364 ok=1
Cmd: compileComputeKernel
  api=4 insize=66851 outsize=1823 ok=1
Cmd: compileComputeKernel
  api=4 insize=66851 outsize=1819 ok=1
Cmd: compileComputeKernel
  api=4 insize=66851 outsize=1848 ok=1
Cmd: compileComputeKernel
  api=4 insize=66851 outsize=1849 ok=1
Cmd: compileComputeKernel
  api=4 insize=66851 outsize=1998 ok=1
Cmd: compileComputeKernel
  api=4 insize=66851 outsize=1341 ok=1
Cmd: compileComputeKernel
  api=4 insize=66851 outsize=2026 ok=1
Cmd: compileComputeKernel
  api=4 insize=66851 outsize=1590 ok=1
Cmd: compileComputeKernel
  api=4 insize=66851 outsize=1680 ok=1
Cmd: compileComputeKernel
  api=4 insize=66851 outsize=2421 ok=1
Cmd: compileComputeKernel
  api=4 insize=73605 outsize=12637 ok=1
Cmd: compileComputeKernel
  api=4 insize=73605 outsize=3656 ok=1
Cmd: compileComputeKernel
  api=4 insize=33997 outsize=772 ok=1
Cmd: compileComputeKernel
  api=4 insize=33997 outsize=680 ok=1
Cmd: compileComputeKernel
  api=4 insize=33997 outsize=806 ok=1
Cmd: compileComputeKernel
  api=4 insize=33997 outsize=791 ok=1
Cmd: compileComputeKernel
  api=4 insize=33997 outsize=950 ok=1
Cmd: compileComputeKernel
  api=4 insize=33997 outsize=701 ok=1
Cmd: compileComputeKernel
  api=4 insize=33997 outsize=811 ok=1
Cmd: compileComputeKernel
  api=4 insize=33997 outsize=1269 ok=1
Cmd: compileComputeKernel
  api=4 insize=33997 outsize=1547 ok=1
Cmd: compileComputeKernel
  api=4 insize=33997 outsize=1306 ok=1
Cmd: compileComputeKernel
  api=4 insize=33997 outsize=1402 ok=1
Cmd: compileComputeKernel
  api=4 insize=33997 outsize=1288 ok=1
Cmd: compileComputeKernel
  api=4 insize=33997 outsize=1221 ok=1
Cmd: compileComputeKernel
  api=4 insize=33997 outsize=1618 ok=1
Cmd: compileComputeKernel
  api=4 insize=74993 outsize=2787 ok=1
Cmd: compileComputeKernel
  api=4 insize=74993 outsize=21169 ok=1
Cmd: compileComputeKernel
  api=4 insize=74993 outsize=32386 ok=1
Cmd: compileComputeKernel
  api=4 insize=4434 outsize=1449 ok=1
Cmd: compileSnippet
  api=4 type=1 insize=8313 outsize=502 kw=UNITY_PASS_SHADOWCASTER SHADOWS_DEPTH pd=UNITY_ENABLE_REFLECTION_BUFFERS UNITY_USE_DITHER_MASK_FOR_ALPHABLENDED_SHADOWS UNITY_PBS_USE_BRDF1 UNITY_SPECCUBE_BOX_PROJECTION UNITY_SPECCUBE_BLENDING UNITY_ENABLE_DETAIL_NORMALMAP SHADER_API_DESKTOP UNITY_COLORSPACE_GAMMA UNITY_LIGHT_PROBE_PROXY_VOLUME UNITY_LIGHTMAP_FULL_HDR ok=1
Cmd: compileSnippet
  api=4 type=0 insize=288996 outsize=1910 kw=UNITY_PASS_FORWARDBASE DIRECTIONAL SHADOWS_SCREEN LIGHTPROBE_SH FOG_EXP2 pd=UNITY_ENABLE_REFLECTION_BUFFERS UNITY_USE_DITHER_MASK_FOR_ALPHABLENDED_SHADOWS UNITY_PBS_USE_BRDF1 UNITY_SPECCUBE_BOX_PROJECTION UNITY_SPECCUBE_BLENDING UNITY_ENABLE_DETAIL_NORMALMAP SHADER_API_DESKTOP UNITY_COLORSPACE_GAMMA UNITY_LIGHT_PROBE_PROXY_VOLUME UNITY_LIGHTMAP_FULL_HDR ok=1
Cmd: compileSnippet
  api=4 type=0 insize=18926 outsize=2122 kw=UNITY_PASS_FORWARDBASE DIRECTIONAL SHADOWS_SCREEN LIGHTPROBE_SH FOG_EXP2 INSTANCING_ON pd=UNITY_ENABLE_REFLECTION_BUFFERS UNITY_USE_DITHER_MASK_FOR_ALPHABLENDED_SHADOWS UNITY_PBS_USE_BRDF1 UNITY_SPECCUBE_BOX_PROJECTION UNITY_SPECCUBE_BLENDING UNITY_ENABLE_DETAIL_NORMALMAP SHADER_API_DESKTOP UNITY_COLORSPACE_GAMMA UNITY_LIGHT_PROBE_PROXY_VOLUME UNITY_LIGHTMAP_FULL_HDR ok=1
Cmd: compileSnippet
  api=4 type=1 insize=1598 outsize=7874 kw=UNITY_PASS_FORWARDBASE DIRECTIONAL SHADOWS_SCREEN LIGHTPROBE_SH FOG_EXP2 _NORMALMAP _SMOOTHNESS_TEXTURE_ALBEDO_CHANNEL_A pd=UNITY_ENABLE_REFLECTION_BUFFERS UNITY_USE_DITHER_MASK_FOR_ALPHABLENDED_SHADOWS UNITY_PBS_USE_BRDF1 UNITY_SPECCUBE_BOX_PROJECTION UNITY_SPECCUBE_BLENDING UNITY_ENABLE_DETAIL_NORMALMAP SHADER_API_DESKTOP UNITY_COLORSPACE_GAMMA UNITY_LIGHT_PROBE_PROXY_VOLUME UNITY_LIGHTMAP_FULL_HDR ok=1
