Base path: 'C:/Program Files/Unity/Hub/Editor/2019.4.3f1/Editor/Data', plugins path 'C:/Program Files/Unity/Hub/Editor/2019.4.3f1/Editor/Data/PlaybackEngines'
Cmd: initializeCompiler
Cmd: compileComputeKernel
  api=4 insize=12081 outsize=1558 ok=1
Cmd: compileComputeKernel
  api=4 insize=12081 outsize=1364 ok=1
Cmd: compileComputeKernel
  api=4 insize=12081 outsize=1364 ok=1
Cmd: compileComputeKernel
  api=4 insize=12124 outsize=1819 ok=1
Cmd: compileComputeKernel
  api=4 insize=12124 outsize=2259 ok=1
Cmd: compileComputeKernel
  api=4 insize=12124 outsize=1849 ok=1
Cmd: compileComputeKernel
  api=4 insize=12124 outsize=1998 ok=1
Cmd: compileComputeKernel
  api=4 insize=19771 outsize=2963 ok=1
Cmd: compileComputeKernel
  api=4 insize=19771 outsize=5385 ok=1
Cmd: compileComputeKernel
  api=4 insize=66851 outsize=2640 ok=1
Cmd: compileComputeKernel
  api=4 insize=66851 outsize=1579 ok=1
Cmd: compileComputeKernel
  api=4 insize=66851 outsize=1634 ok=1
Cmd: compileComputeKernel
  api=4 insize=66851 outsize=1489 ok=1
Cmd: compileComputeKernel
  api=4 insize=66851 outsize=1461 ok=1
Cmd: compileComputeKernel
  api=4 insize=66851 outsize=2077 ok=1
Cmd: compileComputeKernel
  api=4 insize=66851 outsize=1431 ok=1
Cmd: compileComputeKernel
  api=4 insize=66851 outsize=1597 ok=1
Cmd: compileComputeKernel
  api=4 insize=66851 outsize=3271 ok=1
Cmd: compileComputeKernel
  api=4 insize=66851 outsize=1287 ok=1
Cmd: compileComputeKernel
  api=4 insize=66851 outsize=1310 ok=1
Cmd: compileComputeKernel
  api=4 insize=66851 outsize=1631 ok=1
Cmd: compileComputeKernel
  api=4 insize=66851 outsize=1383 ok=1
Cmd: compileComputeKernel
  api=4 insize=66851 outsize=1359 ok=1
Cmd: compileComputeKernel
  api=4 insize=66851 outsize=1311 ok=1
Cmd: compileComputeKernel
  api=4 insize=66851 outsize=1387 ok=1
Cmd: compileComputeKernel
  api=4 insize=66851 outsize=1819 ok=1
Cmd: compileComputeKernel
  api=4 insize=66851 outsize=2259 ok=1
Cmd: compileComputeKernel
  api=4 insize=66851 outsize=1974 ok=1
Cmd: compileComputeKernel
  api=4 insize=66851 outsize=1997 ok=1
Cmd: compileComputeKernel
  api=4 insize=66851 outsize=1326 ok=1
Cmd: compileComputeKernel
  api=4 insize=66851 outsize=1301 ok=1
Cmd: compileComputeKernel
  api=4 insize=66851 outsize=1302 ok=1
Cmd: compileComputeKernel
  api=4 insize=66851 outsize=3836 ok=1
Cmd: compileComputeKernel
  api=4 insize=66851 outsize=1680 ok=1
Cmd: compileComputeKernel
  api=4 insize=66851 outsize=2477 ok=1
Cmd: compileComputeKernel
  api=4 insize=73605 outsize=7773 ok=1
Cmd: compileComputeKernel
  api=4 insize=33997 outsize=629 ok=1
Cmd: compileComputeKernel
  api=4 insize=33997 outsize=628 ok=1
Cmd: compileComputeKernel
  api=4 insize=33997 outsize=711 ok=1
Cmd: compileComputeKernel
  api=4 insize=33997 outsize=1005 ok=1
Cmd: compileComputeKernel
  api=4 insize=33997 outsize=855 ok=1
Cmd: compileComputeKernel
  api=4 insize=33997 outsize=677 ok=1
Cmd: compileComputeKernel
  api=4 insize=33997 outsize=769 ok=1
Cmd: compileComputeKernel
  api=4 insize=33997 outsize=872 ok=1
Cmd: compileComputeKernel
  api=4 insize=33997 outsize=1321 ok=1
Cmd: compileComputeKernel
  api=4 insize=33997 outsize=1547 ok=1
Cmd: compileComputeKernel
  api=4 insize=33997 outsize=1369 ok=1
Cmd: compileComputeKernel
  api=4 insize=33997 outsize=1465 ok=1
Cmd: compileComputeKernel
  api=4 insize=33997 outsize=1311 ok=1
Cmd: compileComputeKernel
  api=4 insize=33997 outsize=1284 ok=1
Cmd: compileComputeKernel
  api=4 insize=33997 outsize=1631 ok=1
Cmd: compileComputeKernel
  api=4 insize=74993 outsize=14076 ok=1
Cmd: compileComputeKernel
  api=4 insize=74993 outsize=23646 ok=1
Cmd: compileComputeKernel
  api=4 insize=4434 outsize=1590 ok=1
Cmd: compileComputeKernel
  api=4 insize=1898 outsize=3122 ok=1
Cmd: compileSnippet
  api=4 type=0 insize=11846 outsize=1258 kw=SHADOWS_SPLIT_SPHERES pd=UNITY_ENABLE_REFLECTION_BUFFERS UNITY_USE_DITHER_MASK_FOR_ALPHABLENDED_SHADOWS UNITY_PBS_USE_BRDF1 UNITY_SPECCUBE_BOX_PROJECTION UNITY_SPECCUBE_BLENDING UNITY_ENABLE_DETAIL_NORMALMAP SHADER_API_DESKTOP UNITY_COLORSPACE_GAMMA UNITY_LIGHT_PROBE_PROXY_VOLUME UNITY_LIGHTMAP_FULL_HDR ok=1
Cmd: compileSnippet
  api=4 type=1 insize=288996 outsize=4122 kw=UNITY_PASS_FORWARDBASE DIRECTIONAL SHADOWS_SCREEN LIGHTPROBE_SH FOG_EXP2 pd=UNITY_ENABLE_REFLECTION_BUFFERS UNITY_USE_DITHER_MASK_FOR_ALPHABLENDED_SHADOWS UNITY_PBS_USE_BRDF1 UNITY_SPECCUBE_BOX_PROJECTION UNITY_SPECCUBE_BLENDING UNITY_ENABLE_DETAIL_NORMALMAP SHADER_API_DESKTOP UNITY_COLORSPACE_GAMMA UNITY_LIGHT_PROBE_PROXY_VOLUME UNITY_LIGHTMAP_FULL_HDR ok=1
Cmd: compileSnippet
  api=4 type=1 insize=18926 outsize=4338 kw=UNITY_PASS_FORWARDBASE DIRECTIONAL SHADOWS_SCREEN LIGHTPROBE_SH FOG_EXP2 INSTANCING_ON pd=UNITY_ENABLE_REFLECTION_BUFFERS UNITY_USE_DITHER_MASK_FOR_ALPHABLENDED_SHADOWS UNITY_PBS_USE_BRDF1 UNITY_SPECCUBE_BOX_PROJECTION UNITY_SPECCUBE_BLENDING UNITY_ENABLE_DETAIL_NORMALMAP SHADER_API_DESKTOP UNITY_COLORSPACE_GAMMA UNITY_LIGHT_PROBE_PROXY_VOLUME UNITY_LIGHTMAP_FULL_HDR ok=1
