Base path: 'C:/Program Files/Unity/Hub/Editor/2019.4.3f1/Editor/Data', plugins path 'C:/Program Files/Unity/Hub/Editor/2019.4.3f1/Editor/Data/PlaybackEngines'
Cmd: initializeCompiler
Cmd: compileComputeKernel
  api=4 insize=12081 outsize=1027 ok=1
Cmd: compileComputeKernel
  api=4 insize=12124 outsize=1823 ok=1
Cmd: compileComputeKernel
  api=4 insize=12124 outsize=1819 ok=1
Cmd: compileComputeKernel
  api=4 insize=12124 outsize=1856 ok=1
Cmd: compileComputeKernel
  api=4 insize=12124 outsize=1849 ok=1
Cmd: compileComputeKernel
  api=4 insize=12124 outsize=1998 ok=1
Cmd: compileComputeKernel
  api=4 insize=19771 outsize=3171 ok=1
Cmd: compileComputeKernel
  api=4 insize=19771 outsize=5237 ok=1
Cmd: compileComputeKernel
  api=4 insize=66851 outsize=2850 ok=1
Cmd: compileComputeKernel
  api=4 insize=66851 outsize=2631 ok=1
Cmd: compileComputeKernel
  api=4 insize=66851 outsize=2482 ok=1
Cmd: compileComputeKernel
  api=4 insize=66851 outsize=1689 ok=1
Cmd: compileComputeKernel
  api=4 insize=66851 outsize=1321 ok=1
Cmd: compileComputeKernel
  api=4 insize=66851 outsize=1861 ok=1
Cmd: compileComputeKernel
  api=4 insize=66851 outsize=1284 ok=1
Cmd: compileComputeKernel
  api=4 insize=66851 outsize=1580 ok=1
Cmd: compileComputeKernel
  api=4 insize=66851 outsize=1819 ok=1
Cmd: compileComputeKernel
  api=4 insize=66851 outsize=1974 ok=1
Cmd: compileComputeKernel
  api=4 insize=66851 outsize=1848 ok=1
Cmd: compileComputeKernel
  api=4 insize=66851 outsize=1997 ok=1
Cmd: compileComputeKernel
  api=4 insize=66851 outsize=1326 ok=1
Cmd: compileComputeKernel
  api=4 insize=66851 outsize=1301 ok=1
Cmd: compileComputeKernel
  api=4 insize=66851 outsize=2178 ok=1
Cmd: compileComputeKernel
  api=4 insize=66851 outsize=1590 ok=1
Cmd: compileComputeKernel
  api=4 insize=66851 outsize=1750 ok=1
Cmd: compileComputeKernel
  api=4 insize=66851 outsize=1382 ok=1
Cmd: compileComputeKernel
  api=4 insize=73605 outsize=2761 ok=1
Cmd: compileComputeKernel
  api=4 insize=73605 outsize=5020 ok=1
Cmd: compileComputeKernel
  api=4 insize=73605 outsize=3656 ok=1
Cmd: compileComputeKernel
  api=4 insize=73605 outsize=6472 ok=1
Cmd: compileComputeKernel
  api=4 insize=33997 outsize=674 ok=1
Cmd: compileComputeKernel
  api=4 insize=33997 outsize=675 ok=1
Cmd: compileComputeKernel
  api=4 insize=33997 outsize=777 ok=1
Cmd: compileComputeKernel
  api=4 insize=33997 outsize=1094 ok=1
Cmd: compileComputeKernel
  api=4 insize=33997 outsize=1023 ok=1
Cmd: compileComputeKernel
  api=4 insize=33997 outsize=796 ok=1
Cmd: compileComputeKernel
  api=4 insize=33997 outsize=716 ok=1
Cmd: compileComputeKernel
  api=4 insize=33997 outsize=1069 ok=1
Cmd: compileComputeKernel
  api=4 insize=33997 outsize=1298 ok=1
Cmd: compileComputeKernel
  api=4 insize=33997 outsize=1484 ok=1
Cmd: compileComputeKernel
  api=4 insize=33997 outsize=1346 ok=1
Cmd: compileComputeKernel
  api=4 insize=33997 outsize=1442 ok=1
Cmd: compileComputeKernel
  api=4 insize=33997 outsize=1248 ok=1
Cmd: compileComputeKernel
  api=4 insize=33997 outsize=1284 ok=1
Cmd: compileComputeKernel
  api=4 insize=33997 outsize=1618 ok=1
Cmd: compileComputeKernel
  api=4 insize=74993 outsize=11353 ok=1
Cmd: compileComputeKernel
  api=4 insize=74993 outsize=23133 ok=1
Cmd: compileComputeKernel
  api=4 insize=74993 outsize=1572 ok=1
Cmd: compileComputeKernel
  api=4 insize=74993 outsize=1969 ok=1
Cmd: compileComputeKernel
  api=4 insize=74993 outsize=1905 ok=1
Cmd: compileComputeKernel
  api=4 insize=74993 outsize=5359 ok=1
Cmd: compileComputeKernel
  api=4 insize=74993 outsize=12876 ok=1
Cmd: compileComputeKernel
  api=4 insize=4434 outsize=1684 ok=1
Cmd: compileSnippet
  api=4 type=0 insize=7271 outsize=3066 kw=UNITY_PASS_SHADOWCASTER SHADOWS_DEPTH pd=UNITY_ENABLE_REFLECTION_BUFFERS UNITY_USE_DITHER_MASK_FOR_ALPHABLENDED_SHADOWS UNITY_PBS_USE_BRDF1 UNITY_SPECCUBE_BOX_PROJECTION UNITY_SPECCUBE_BLENDING UNITY_ENABLE_DETAIL_NORMALMAP SHADER_API_DESKTOP UNITY_COLORSPACE_GAMMA UNITY_LIGHT_PROBE_PROXY_VOLUME UNITY_LIGHTMAP_FULL_HDR ok=1
Cmd: compileSnippet
  api=4 type=1 insize=1598 outsize=7602 kw=UNITY_PASS_FORWARDBASE DIRECTIONAL SHADOWS_SCREEN LIGHTPROBE_SH FOG_EXP2 INSTANCING_ON pd=UNITY_ENABLE_REFLECTION_BUFFERS UNITY_USE_DITHER_MASK_FOR_ALPHABLENDED_SHADOWS UNITY_PBS_USE_BRDF1 UNITY_SPECCUBE_BOX_PROJECTION UNITY_SPECCUBE_BLENDING UNITY_ENABLE_DETAIL_NORMALMAP SHADER_API_DESKTOP UNITY_COLORSPACE_GAMMA UNITY_LIGHT_PROBE_PROXY_VOLUME UNITY_LIGHTMAP_FULL_HDR ok=1
Cmd: compileSnippet
  api=4 type=0 insize=18381 outsize=2954 kw=UNITY_PASS_FORWARDBASE DIRECTIONAL SHADOWS_SCREEN LIGHTPROBE_SH FOG_EXP2 pd=UNITY_ENABLE_REFLECTION_BUFFERS UNITY_USE_DITHER_MASK_FOR_ALPHABLENDED_SHADOWS UNITY_PBS_USE_BRDF1 UNITY_SPECCUBE_BOX_PROJECTION UNITY_SPECCUBE_BLENDING UNITY_ENABLE_DETAIL_NORMALMAP SHADER_API_DESKTOP UNITY_COLORSPACE_GAMMA UNITY_LIGHT_PROBE_PROXY_VOLUME UNITY_LIGHTMAP_FULL_HDR ok=1
