Base path: 'C:/Program Files/Unity/Hub/Editor/2019.4.3f1/Editor/Data', plugins path 'C:/Program Files/Unity/Hub/Editor/2019.4.3f1/Editor/Data/PlaybackEngines'
Cmd: initializeCompiler
Cmd: compileComputeKernel
  api=4 insize=12081 outsize=1499 ok=1
Cmd: compileComputeKernel
  api=4 insize=12124 outsize=1819 ok=1
Cmd: compileComputeKernel
  api=4 insize=12124 outsize=1974 ok=1
Cmd: compileComputeKernel
  api=4 insize=12124 outsize=1998 ok=1
Cmd: compileComputeKernel
  api=4 insize=19771 outsize=2113 ok=1
Cmd: compileComputeKernel
  api=4 insize=19771 outsize=3056 ok=1
Cmd: compileComputeKernel
  api=4 insize=66851 outsize=2922 ok=1
Cmd: compileComputeKernel
  api=4 insize=66851 outsize=1579 ok=1
Cmd: compileComputeKernel
  api=4 insize=66851 outsize=1634 ok=1
Cmd: compileComputeKernel
  api=4 insize=66851 outsize=1489 ok=1
Cmd: compileComputeKernel
  api=4 insize=66851 outsize=1461 ok=1
Cmd: compileComputeKernel
  api=4 insize=66851 outsize=1335 ok=1
Cmd: compileComputeKernel
  api=4 insize=66851 outsize=1407 ok=1
Cmd: compileComputeKernel
  api=4 insize=66851 outsize=1647 ok=1
Cmd: compileComputeKernel
  api=4 insize=66851 outsize=1610 ok=1
Cmd: compileComputeKernel
  api=4 insize=66851 outsize=1324 ok=1
Cmd: compileComputeKernel
  api=4 insize=66851 outsize=1284 ok=1
Cmd: compileComputeKernel
  api=4 insize=66851 outsize=1310 ok=1
Cmd: compileComputeKernel
  api=4 insize=66851 outsize=1682 ok=1
Cmd: compileComputeKernel
  api=4 insize=66851 outsize=1383 ok=1
Cmd: compileComputeKernel
  api=4 insize=66851 outsize=1359 ok=1
Cmd: compileComputeKernel
  api=4 insize=66851 outsize=1311 ok=1
Cmd: compileComputeKernel
  api=4 insize=66851 outsize=1777 ok=1
Cmd: compileComputeKernel
  api=4 insize=66851 outsize=1819 ok=1
Cmd: compileComputeKernel
  api=4 insize=66851 outsize=1819 ok=1
Cmd: compileComputeKernel
  api=4 insize=66851 outsize=1851 ok=1
Cmd: compileComputeKernel
  api=4 insize=66851 outsize=1849 ok=1
Cmd: compileComputeKernel
  api=4 insize=66851 outsize=1998 ok=1
Cmd: compileComputeKernel
  api=4 insize=66851 outsize=1341 ok=1
Cmd: compileComputeKernel
  api=4 insize=66851 outsize=1346 ok=1
Cmd: compileComputeKernel
  api=4 insize=66851 outsize=3544 ok=1
Cmd: compileComputeKernel
  api=4 insize=66851 outsize=1449 ok=1
Cmd: compileComputeKernel
  api=4 insize=66851 outsize=1427 ok=1
Cmd: compileComputeKernel
  api=4 insize=66851 outsize=921 ok=1
Cmd: compileComputeKernel
  api=4 insize=73605 outsize=7893 ok=1
Cmd: compileComputeKernel
  api=4 insize=33997 outsize=677 ok=1
Cmd: compileComputeKernel
  api=4 insize=33997 outsize=623 ok=1
Cmd: compileComputeKernel
  api=4 insize=33997 outsize=638 ok=1
Cmd: compileComputeKernel
  api=4 insize=33997 outsize=910 ok=1
Cmd: compileComputeKernel
  api=4 insize=33997 outsize=848 ok=1
Cmd: compileComputeKernel
  api=4 insize=33997 outsize=796 ok=1
Cmd: compileComputeKernel
  api=4 insize=33997 outsize=831 ok=1
Cmd: compileComputeKernel
  api=4 insize=33997 outsize=970 ok=1
Cmd: compileComputeKernel
  api=4 insize=33997 outsize=1321 ok=1
Cmd: compileComputeKernel
  api=4 insize=33997 outsize=1524 ok=1
Cmd: compileComputeKernel
  api=4 insize=33997 outsize=1369 ok=1
Cmd: compileComputeKernel
  api=4 insize=33997 outsize=1465 ok=1
Cmd: compileComputeKernel
  api=4 insize=33997 outsize=1311 ok=1
Cmd: compileComputeKernel
  api=4 insize=33997 outsize=1261 ok=1
Cmd: compileComputeKernel
  api=4 insize=33997 outsize=1631 ok=1
Cmd: compileComputeKernel
  api=4 insize=74993 outsize=26077 ok=1
Cmd: compileComputeKernel
  api=4 insize=74993 outsize=4149 ok=1
Cmd: compileComputeKernel
  api=4 insize=74993 outsize=4149 ok=1
Cmd: compileComputeKernel
  api=4 insize=74993 outsize=2909 ok=1
Cmd: compileComputeKernel
  api=4 insize=74993 outsize=2909 ok=1
Cmd: compileComputeKernel
  api=4 insize=74993 outsize=3570 ok=1
Cmd: compileComputeKernel
  api=4 insize=4434 outsize=1750 ok=1
Cmd: compileSnippet
  api=4 type=1 insize=11846 outsize=5706 kw=SHADOWS_SPLIT_SPHERES pd=UNITY_ENABLE_REFLECTION_BUFFERS UNITY_USE_DITHER_MASK_FOR_ALPHABLENDED_SHADOWS UNITY_PBS_USE_BRDF1 UNITY_SPECCUBE_BOX_PROJECTION UNITY_SPECCUBE_BLENDING UNITY_ENABLE_DETAIL_NORMALMAP SHADER_API_DESKTOP UNITY_COLORSPACE_GAMMA UNITY_LIGHT_PROBE_PROXY_VOLUME UNITY_LIGHTMAP_FULL_HDR ok=1
Cmd: compileSnippet
  api=4 type=1 insize=1602 outsize=7490 kw=UNITY_PASS_FORWARDBASE DIRECTIONAL SHADOWS_SCREEN LIGHTPROBE_SH FOG_EXP2 pd=UNITY_ENABLE_REFLECTION_BUFFERS UNITY_USE_DITHER_MASK_FOR_ALPHABLENDED_SHADOWS UNITY_PBS_USE_BRDF1 UNITY_SPECCUBE_BOX_PROJECTION UNITY_SPECCUBE_BLENDING UNITY_ENABLE_DETAIL_NORMALMAP SHADER_API_DESKTOP UNITY_COLORSPACE_GAMMA UNITY_LIGHT_PROBE_PROXY_VOLUME UNITY_LIGHTMAP_FULL_HDR ok=1
Cmd: compileSnippet
  api=4 type=1 insize=18381 outsize=3478 kw=UNITY_PASS_FORWARDBASE DIRECTIONAL SHADOWS_SCREEN LIGHTPROBE_SH FOG_EXP2 pd=UNITY_ENABLE_REFLECTION_BUFFERS UNITY_USE_DITHER_MASK_FOR_ALPHABLENDED_SHADOWS UNITY_PBS_USE_BRDF1 UNITY_SPECCUBE_BOX_PROJECTION UNITY_SPECCUBE_BLENDING UNITY_ENABLE_DETAIL_NORMALMAP SHADER_API_DESKTOP UNITY_COLORSPACE_GAMMA UNITY_LIGHT_PROBE_PROXY_VOLUME UNITY_LIGHTMAP_FULL_HDR ok=1
